[11-Aug-2015 10:19:43 Europe/Helsinki] PHP Parse error:  syntax error, unexpected ',' in /var/www/app2/config/autoload/bjyauthorize.global.php on line 55
[11-Aug-2015 10:20:21 Europe/Helsinki] PHP Parse error:  syntax error, unexpected ',' in /var/www/app2/config/autoload/bjyauthorize.global.php on line 57
[11-Aug-2015 10:20:22 Europe/Helsinki] PHP Parse error:  syntax error, unexpected ',' in /var/www/app2/config/autoload/bjyauthorize.global.php on line 57
[11-Aug-2015 15:34:40 Europe/Helsinki] PHP Parse error:  syntax error, unexpected '*', expecting ')' in /var/www/app2/module/Admin/config/module.config.php on line 27
[11-Aug-2015 15:35:21 Europe/Helsinki] PHP Fatal error:  Uncaught exception 'Twig_Error_Syntax' with message 'The function "MainMenuHelper" does not exist in "layout/layout" at line 54' in /var/www/app2/vendor/twig/twig/lib/Twig/ExpressionParser.php:572
Stack trace:
#0 /var/www/app2/vendor/twig/twig/lib/Twig/ExpressionParser.php(351): Twig_ExpressionParser->getFunctionNodeClass('MainMenuHelper', 54)
#1 /var/www/app2/vendor/twig/twig/lib/Twig/ExpressionParser.php(144): Twig_ExpressionParser->getFunctionNode('MainMenuHelper', 54)
#2 /var/www/app2/vendor/twig/twig/lib/Twig/ExpressionParser.php(84): Twig_ExpressionParser->parsePrimaryExpression()
#3 /var/www/app2/vendor/twig/twig/lib/Twig/ExpressionParser.php(41): Twig_ExpressionParser->getPrimary()
#4 /var/www/app2/vendor/twig/twig/lib/Twig/TokenParser/For.php(39): Twig_ExpressionParser->parseExpression()
#5 /var/www/app2/vendor/twig/twig/lib/Twig/Parser.php(187): Twig_TokenParser_For->parse(Object(Twig_Token))
#6 /var/www/app2/vendor/twig/twig/lib/Twig/Parser.php(95): Twig_Parser->subparse(NULL, false)
#7 /var/www/ap in /var/www/app2/vendor/twig/twig/lib/Twig/ExpressionParser.php on line 572
[11-Aug-2015 15:35:22 Europe/Helsinki] PHP Fatal error:  Uncaught exception 'Twig_Error_Syntax' with message 'The function "MainMenuHelper" does not exist in "layout/layout" at line 54' in /var/www/app2/vendor/twig/twig/lib/Twig/ExpressionParser.php:572
Stack trace:
#0 /var/www/app2/vendor/twig/twig/lib/Twig/ExpressionParser.php(351): Twig_ExpressionParser->getFunctionNodeClass('MainMenuHelper', 54)
#1 /var/www/app2/vendor/twig/twig/lib/Twig/ExpressionParser.php(144): Twig_ExpressionParser->getFunctionNode('MainMenuHelper', 54)
#2 /var/www/app2/vendor/twig/twig/lib/Twig/ExpressionParser.php(84): Twig_ExpressionParser->parsePrimaryExpression()
#3 /var/www/app2/vendor/twig/twig/lib/Twig/ExpressionParser.php(41): Twig_ExpressionParser->getPrimary()
#4 /var/www/app2/vendor/twig/twig/lib/Twig/TokenParser/For.php(39): Twig_ExpressionParser->parseExpression()
#5 /var/www/app2/vendor/twig/twig/lib/Twig/Parser.php(187): Twig_TokenParser_For->parse(Object(Twig_Token))
#6 /var/www/app2/vendor/twig/twig/lib/Twig/Parser.php(95): Twig_Parser->subparse(NULL, false)
#7 /var/www/ap in /var/www/app2/vendor/twig/twig/lib/Twig/ExpressionParser.php on line 572
[11-Aug-2015 15:37:05 Europe/Helsinki] PHP Fatal error:  Uncaught exception 'Twig_Error_Syntax' with message 'The function "MainMenuHelper" does not exist in "layout/layout" at line 54' in /var/www/app2/vendor/twig/twig/lib/Twig/ExpressionParser.php:572
Stack trace:
#0 /var/www/app2/vendor/twig/twig/lib/Twig/ExpressionParser.php(351): Twig_ExpressionParser->getFunctionNodeClass('MainMenuHelper', 54)
#1 /var/www/app2/vendor/twig/twig/lib/Twig/ExpressionParser.php(144): Twig_ExpressionParser->getFunctionNode('MainMenuHelper', 54)
#2 /var/www/app2/vendor/twig/twig/lib/Twig/ExpressionParser.php(84): Twig_ExpressionParser->parsePrimaryExpression()
#3 /var/www/app2/vendor/twig/twig/lib/Twig/ExpressionParser.php(41): Twig_ExpressionParser->getPrimary()
#4 /var/www/app2/vendor/twig/twig/lib/Twig/TokenParser/For.php(39): Twig_ExpressionParser->parseExpression()
#5 /var/www/app2/vendor/twig/twig/lib/Twig/Parser.php(187): Twig_TokenParser_For->parse(Object(Twig_Token))
#6 /var/www/app2/vendor/twig/twig/lib/Twig/Parser.php(95): Twig_Parser->subparse(NULL, false)
#7 /var/www/ap in /var/www/app2/vendor/twig/twig/lib/Twig/ExpressionParser.php on line 572
[11-Aug-2015 15:40:17 Europe/Helsinki] PHP Fatal error:  Class 'Application\View\Helper\MainMenuHelper' not found in /var/www/app2/module/Admin/config/module.config.php on line 145
[11-Aug-2015 15:40:18 Europe/Helsinki] PHP Fatal error:  Class 'Application\View\Helper\MainMenuHelper' not found in /var/www/app2/module/Admin/config/module.config.php on line 145
[11-Aug-2015 15:40:18 Europe/Helsinki] PHP Fatal error:  Class 'Application\View\Helper\MainMenuHelper' not found in /var/www/app2/module/Admin/config/module.config.php on line 145
[11-Aug-2015 15:40:18 Europe/Helsinki] PHP Fatal error:  Class 'Application\View\Helper\MainMenuHelper' not found in /var/www/app2/module/Admin/config/module.config.php on line 145
[11-Aug-2015 15:40:18 Europe/Helsinki] PHP Fatal error:  Class 'Application\View\Helper\MainMenuHelper' not found in /var/www/app2/module/Admin/config/module.config.php on line 145
[11-Aug-2015 15:41:22 Europe/Helsinki] PHP Fatal error:  Class 'Application\View\Helper\MainMenuHelper' not found in /var/www/app2/module/Admin/config/module.config.php on line 145
[11-Aug-2015 15:41:22 Europe/Helsinki] PHP Fatal error:  Class 'Application\View\Helper\MainMenuHelper' not found in /var/www/app2/module/Admin/config/module.config.php on line 145
[11-Aug-2015 15:41:22 Europe/Helsinki] PHP Fatal error:  Class 'Application\View\Helper\MainMenuHelper' not found in /var/www/app2/module/Admin/config/module.config.php on line 145
[11-Aug-2015 15:41:22 Europe/Helsinki] PHP Fatal error:  Class 'Application\View\Helper\MainMenuHelper' not found in /var/www/app2/module/Admin/config/module.config.php on line 145
[11-Aug-2015 15:41:22 Europe/Helsinki] PHP Fatal error:  Class 'Application\View\Helper\MainMenuHelper' not found in /var/www/app2/module/Admin/config/module.config.php on line 145
[11-Aug-2015 15:43:26 Europe/Helsinki] PHP Fatal error:  Uncaught exception 'Zend\ServiceManager\Exception\ServiceNotFoundException' with message 'Zend\ServiceManager\ServiceManager::get was unable to fetch or create an instance for pages' in /var/www/app2/vendor/zendframework/zend-servicemanager/src/ServiceManager.php:555
Stack trace:
#0 /var/www/app2/module/Admin/config/module.config.php(147): Zend\ServiceManager\ServiceManager->get('pages')
#1 [internal function]: Admin\Module->{closure}(Object(Zend\View\HelperPluginManager), 'mainmenuhelper', 'MainMenuHelper')
#2 /var/www/app2/vendor/zendframework/zend-servicemanager/src/ServiceManager.php(939): call_user_func(Object(Closure), Object(Zend\View\HelperPluginManager), 'mainmenuhelper', 'MainMenuHelper')
#3 /var/www/app2/vendor/zendframework/zend-servicemanager/src/AbstractPluginManager.php(284): Zend\ServiceManager\ServiceManager->createServiceViaCallback(Object(Closure), 'mainmenuhelper', 'MainMenuHelper')
#4 /var/www/app2/vendor/zendframework/zend-servicemanager/src/AbstractPluginManager.php(244): Zend\ServiceMa in /var/www/app2/vendor/twig/twig/lib/Twig/Template.php on line 348
[21-Aug-2015 14:02:54 Europe/Helsinki] PHP Fatal error:  Uncaught exception 'Twig_Error_Syntax' with message 'The function "MainMenuHelper" does not exist in "layout/layout" at line 55' in /var/www/app2/vendor/twig/twig/lib/Twig/ExpressionParser.php:572
Stack trace:
#0 /var/www/app2/vendor/twig/twig/lib/Twig/ExpressionParser.php(351): Twig_ExpressionParser->getFunctionNodeClass('MainMenuHelper', 55)
#1 /var/www/app2/vendor/twig/twig/lib/Twig/ExpressionParser.php(144): Twig_ExpressionParser->getFunctionNode('MainMenuHelper', 55)
#2 /var/www/app2/vendor/twig/twig/lib/Twig/ExpressionParser.php(84): Twig_ExpressionParser->parsePrimaryExpression()
#3 /var/www/app2/vendor/twig/twig/lib/Twig/ExpressionParser.php(41): Twig_ExpressionParser->getPrimary()
#4 /var/www/app2/vendor/twig/twig/lib/Twig/TokenParser/For.php(39): Twig_ExpressionParser->parseExpression()
#5 /var/www/app2/vendor/twig/twig/lib/Twig/Parser.php(187): Twig_TokenParser_For->parse(Object(Twig_Token))
#6 /var/www/app2/vendor/twig/twig/lib/Twig/Parser.php(95): Twig_Parser->subparse(NULL, false)
#7 /var/www/ap in /var/www/app2/vendor/twig/twig/lib/Twig/ExpressionParser.php on line 572
[17-Sep-2015 00:26:03 Europe/Helsinki] PHP Fatal error:  Uncaught exception 'Zend\View\Exception\RuntimeException' with message 'Zend\View\Renderer\PhpRenderer::render: Unable to render template "application/ajax/index"; resolver could not resolve to a file' in /var/www/app2/vendor/zendframework/zend-view/src/Renderer/PhpRenderer.php:493
Stack trace:
#0 /var/www/app2/vendor/zendframework/zend-view/src/View.php(205): Zend\View\Renderer\PhpRenderer->render(Object(Zend\View\Model\JsonModel))
#1 /var/www/app2/vendor/zendframework/zend-mvc/src/View/Http/DefaultRenderingStrategy.php(103): Zend\View\View->render(Object(Zend\View\Model\JsonModel))
#2 [internal function]: Zend\Mvc\View\Http\DefaultRenderingStrategy->render(Object(Zend\Mvc\MvcEvent))
#3 /var/www/app2/vendor/zendframework/zend-eventmanager/src/EventManager.php(444): call_user_func(Array, Object(Zend\Mvc\MvcEvent))
#4 /var/www/app2/vendor/zendframework/zend-eventmanager/src/EventManager.php(205): Zend\EventManager\EventManager->triggerListeners('render.error', Object(Zend\Mvc\MvcEvent), Array)
#5 /var/www/app2 in /var/www/app2/vendor/zendframework/zend-view/src/Renderer/PhpRenderer.php on line 493
[17-Sep-2015 00:26:08 Europe/Helsinki] PHP Fatal error:  Uncaught exception 'Zend\View\Exception\RuntimeException' with message 'Zend\View\Renderer\PhpRenderer::render: Unable to render template "application/ajax/index"; resolver could not resolve to a file' in /var/www/app2/vendor/zendframework/zend-view/src/Renderer/PhpRenderer.php:493
Stack trace:
#0 /var/www/app2/vendor/zendframework/zend-view/src/View.php(205): Zend\View\Renderer\PhpRenderer->render(Object(Zend\View\Model\JsonModel))
#1 /var/www/app2/vendor/zendframework/zend-mvc/src/View/Http/DefaultRenderingStrategy.php(103): Zend\View\View->render(Object(Zend\View\Model\JsonModel))
#2 [internal function]: Zend\Mvc\View\Http\DefaultRenderingStrategy->render(Object(Zend\Mvc\MvcEvent))
#3 /var/www/app2/vendor/zendframework/zend-eventmanager/src/EventManager.php(444): call_user_func(Array, Object(Zend\Mvc\MvcEvent))
#4 /var/www/app2/vendor/zendframework/zend-eventmanager/src/EventManager.php(205): Zend\EventManager\EventManager->triggerListeners('render.error', Object(Zend\Mvc\MvcEvent), Array)
#5 /var/www/app2 in /var/www/app2/vendor/zendframework/zend-view/src/Renderer/PhpRenderer.php on line 493
[17-Sep-2015 00:29:49 Europe/Helsinki] PHP Fatal error:  Uncaught exception 'Zend\View\Exception\RuntimeException' with message 'Zend\View\Renderer\PhpRenderer::render: Unable to render template "application/ajax/index"; resolver could not resolve to a file' in /var/www/app2/vendor/zendframework/zend-view/src/Renderer/PhpRenderer.php:493
Stack trace:
#0 /var/www/app2/vendor/zendframework/zend-view/src/View.php(205): Zend\View\Renderer\PhpRenderer->render(Object(Zend\View\Model\JsonModel))
#1 /var/www/app2/vendor/zendframework/zend-mvc/src/View/Http/DefaultRenderingStrategy.php(103): Zend\View\View->render(Object(Zend\View\Model\JsonModel))
#2 [internal function]: Zend\Mvc\View\Http\DefaultRenderingStrategy->render(Object(Zend\Mvc\MvcEvent))
#3 /var/www/app2/vendor/zendframework/zend-eventmanager/src/EventManager.php(444): call_user_func(Array, Object(Zend\Mvc\MvcEvent))
#4 /var/www/app2/vendor/zendframework/zend-eventmanager/src/EventManager.php(205): Zend\EventManager\EventManager->triggerListeners('render.error', Object(Zend\Mvc\MvcEvent), Array)
#5 /var/www/app2 in /var/www/app2/vendor/zendframework/zend-view/src/Renderer/PhpRenderer.php on line 493
[17-Sep-2015 00:30:21 Europe/Helsinki] PHP Fatal error:  Uncaught exception 'Zend\View\Exception\RuntimeException' with message 'Zend\View\Renderer\PhpRenderer::render: Unable to render template "application/ajax/index"; resolver could not resolve to a file' in /var/www/app2/vendor/zendframework/zend-view/src/Renderer/PhpRenderer.php:493
Stack trace:
#0 /var/www/app2/vendor/zendframework/zend-view/src/View.php(205): Zend\View\Renderer\PhpRenderer->render(Object(Zend\View\Model\JsonModel))
#1 /var/www/app2/vendor/zendframework/zend-mvc/src/View/Http/DefaultRenderingStrategy.php(103): Zend\View\View->render(Object(Zend\View\Model\JsonModel))
#2 [internal function]: Zend\Mvc\View\Http\DefaultRenderingStrategy->render(Object(Zend\Mvc\MvcEvent))
#3 /var/www/app2/vendor/zendframework/zend-eventmanager/src/EventManager.php(444): call_user_func(Array, Object(Zend\Mvc\MvcEvent))
#4 /var/www/app2/vendor/zendframework/zend-eventmanager/src/EventManager.php(205): Zend\EventManager\EventManager->triggerListeners('render.error', Object(Zend\Mvc\MvcEvent), Array)
#5 /var/www/app2 in /var/www/app2/vendor/zendframework/zend-view/src/Renderer/PhpRenderer.php on line 493
[17-Sep-2015 00:32:02 Europe/Helsinki] PHP Fatal error:  Uncaught exception 'Zend\View\Exception\RuntimeException' with message 'Zend\View\Renderer\PhpRenderer::render: Unable to render template "application/ajax/index"; resolver could not resolve to a file' in /var/www/app2/vendor/zendframework/zend-view/src/Renderer/PhpRenderer.php:493
Stack trace:
#0 /var/www/app2/vendor/zendframework/zend-view/src/View.php(205): Zend\View\Renderer\PhpRenderer->render(Object(Zend\View\Model\JsonModel))
#1 /var/www/app2/vendor/zendframework/zend-mvc/src/View/Http/DefaultRenderingStrategy.php(103): Zend\View\View->render(Object(Zend\View\Model\JsonModel))
#2 [internal function]: Zend\Mvc\View\Http\DefaultRenderingStrategy->render(Object(Zend\Mvc\MvcEvent))
#3 /var/www/app2/vendor/zendframework/zend-eventmanager/src/EventManager.php(444): call_user_func(Array, Object(Zend\Mvc\MvcEvent))
#4 /var/www/app2/vendor/zendframework/zend-eventmanager/src/EventManager.php(205): Zend\EventManager\EventManager->triggerListeners('render.error', Object(Zend\Mvc\MvcEvent), Array)
#5 /var/www/app2 in /var/www/app2/vendor/zendframework/zend-view/src/Renderer/PhpRenderer.php on line 493
[17-Sep-2015 00:34:03 Europe/Helsinki] PHP Fatal error:  Uncaught exception 'Zend\View\Exception\RuntimeException' with message 'Zend\View\Renderer\PhpRenderer::render: Unable to render template "application/ajax/index"; resolver could not resolve to a file' in /var/www/app2/vendor/zendframework/zend-view/src/Renderer/PhpRenderer.php:493
Stack trace:
#0 /var/www/app2/vendor/zendframework/zend-view/src/View.php(205): Zend\View\Renderer\PhpRenderer->render(Object(Zend\View\Model\JsonModel))
#1 /var/www/app2/vendor/zendframework/zend-mvc/src/View/Http/DefaultRenderingStrategy.php(103): Zend\View\View->render(Object(Zend\View\Model\JsonModel))
#2 [internal function]: Zend\Mvc\View\Http\DefaultRenderingStrategy->render(Object(Zend\Mvc\MvcEvent))
#3 /var/www/app2/vendor/zendframework/zend-eventmanager/src/EventManager.php(444): call_user_func(Array, Object(Zend\Mvc\MvcEvent))
#4 /var/www/app2/vendor/zendframework/zend-eventmanager/src/EventManager.php(205): Zend\EventManager\EventManager->triggerListeners('render.error', Object(Zend\Mvc\MvcEvent), Array)
#5 /var/www/app2 in /var/www/app2/vendor/zendframework/zend-view/src/Renderer/PhpRenderer.php on line 493
[19-Sep-2015 19:39:15 Europe/Helsinki] PHP Notice:  Undefined index: name in /var/www/app2/module/Application/src/Application/Model/Messages.php on line 64
[19-Sep-2015 19:39:15 Europe/Helsinki] PHP Notice:  Undefined index: company in /var/www/app2/module/Application/src/Application/Model/Messages.php on line 65
[19-Sep-2015 19:39:20 Europe/Helsinki] PHP Notice:  Undefined index: name in /var/www/app2/module/Application/src/Application/Model/Messages.php on line 64
[19-Sep-2015 19:39:20 Europe/Helsinki] PHP Notice:  Undefined index: company in /var/www/app2/module/Application/src/Application/Model/Messages.php on line 65
[19-Sep-2015 19:39:36 Europe/Helsinki] PHP Notice:  Undefined index: name in /var/www/app2/module/Application/src/Application/Model/Messages.php on line 64
[19-Sep-2015 19:39:36 Europe/Helsinki] PHP Notice:  Undefined index: company in /var/www/app2/module/Application/src/Application/Model/Messages.php on line 65
[19-Sep-2015 19:53:05 Europe/Helsinki] PHP Notice:  Undefined index: company in /var/www/app2/module/Application/src/Application/Model/Messages.php on line 65
[19-Sep-2015 19:54:19 Europe/Helsinki] PHP Notice:  Undefined index: company in /var/www/app2/module/Application/src/Application/Model/Messages.php on line 65
[19-Sep-2015 19:57:06 Europe/Helsinki] PHP Warning:  sprintf(): Too few arguments in /var/www/app2/module/Application/src/Application/Model/Messages.php on line 68
[19-Sep-2015 20:27:10 Europe/Helsinki] PHP Notice:  Undefined index: company in /var/www/app2/module/Application/src/Application/Model/Messages.php on line 65
[19-Sep-2015 22:40:43 Europe/Helsinki] PHP Fatal error:  Call to undefined function Application\Controller\sendMail() in /var/www/app2/module/Application/src/Application/Controller/AjaxController.php on line 36
[19-Sep-2015 22:41:32 Europe/Helsinki] PHP Fatal error:  Call to undefined function Application\Controller\sendMail() in /var/www/app2/module/Application/src/Application/Controller/AjaxController.php on line 36
[19-Sep-2015 22:41:45 Europe/Helsinki] PHP Fatal error:  Call to undefined function Application\Controller\sendMail() in /var/www/app2/module/Application/src/Application/Controller/AjaxController.php on line 36
[19-Sep-2015 22:42:35 Europe/Helsinki] PHP Fatal error:  Call to undefined function Application\Controller\sendMail() in /var/www/app2/module/Application/src/Application/Controller/AjaxController.php on line 36
[20-Sep-2015 12:54:43 Europe/Helsinki] PHP Notice:  Array to string conversion in /var/www/app2/module/Application/src/Application/Controller/AjaxController.php on line 73
[20-Sep-2015 12:54:43 Europe/Helsinki] PHP Notice:  Array to string conversion in /var/www/app2/module/Application/src/Application/Controller/AjaxController.php on line 73
[20-Sep-2015 12:55:27 Europe/Helsinki] PHP Notice:  Array to string conversion in /var/www/app2/module/Application/src/Application/Controller/AjaxController.php on line 73
[20-Sep-2015 13:54:34 Europe/Helsinki] PHP Notice:  Undefined index: firstName in /var/www/app2/module/Application/src/Application/Model/Messages.php on line 64
[20-Sep-2015 13:54:34 Europe/Helsinki] PHP Notice:  Undefined index: company in /var/www/app2/module/Application/src/Application/Model/Messages.php on line 65
[20-Sep-2015 13:54:34 Europe/Helsinki] PHP Notice:  Undefined index: email in /var/www/app2/module/Application/src/Application/Model/Messages.php on line 66
[20-Sep-2015 13:55:23 Europe/Helsinki] PHP Notice:  Undefined index: firstName in /var/www/app2/module/Application/src/Application/Model/Messages.php on line 64
[20-Sep-2015 13:55:23 Europe/Helsinki] PHP Notice:  Undefined index: company in /var/www/app2/module/Application/src/Application/Model/Messages.php on line 65
[20-Sep-2015 13:55:23 Europe/Helsinki] PHP Notice:  Undefined index: email in /var/www/app2/module/Application/src/Application/Model/Messages.php on line 66
[20-Sep-2015 13:56:13 Europe/Helsinki] PHP Notice:  Undefined index: firstName in /var/www/app2/module/Application/src/Application/Model/Messages.php on line 64
[20-Sep-2015 13:56:13 Europe/Helsinki] PHP Notice:  Undefined index: company in /var/www/app2/module/Application/src/Application/Model/Messages.php on line 65
[20-Sep-2015 13:56:13 Europe/Helsinki] PHP Notice:  Undefined index: email in /var/www/app2/module/Application/src/Application/Model/Messages.php on line 66
[20-Sep-2015 14:54:03 Europe/Helsinki] PHP Notice:  Undefined index: firstName in /var/www/app2/module/Application/src/Application/Model/Messages.php on line 64
[20-Sep-2015 14:54:03 Europe/Helsinki] PHP Notice:  Undefined index: company in /var/www/app2/module/Application/src/Application/Model/Messages.php on line 65
[20-Sep-2015 14:54:03 Europe/Helsinki] PHP Notice:  Undefined index: email in /var/www/app2/module/Application/src/Application/Model/Messages.php on line 66
[20-Sep-2015 14:56:12 Europe/Helsinki] PHP Notice:  Undefined index: firstName in /var/www/app2/module/Application/src/Application/Model/Messages.php on line 64
[20-Sep-2015 14:56:12 Europe/Helsinki] PHP Notice:  Undefined index: company in /var/www/app2/module/Application/src/Application/Model/Messages.php on line 65
[20-Sep-2015 14:56:12 Europe/Helsinki] PHP Notice:  Undefined index: email in /var/www/app2/module/Application/src/Application/Model/Messages.php on line 66
[20-Sep-2015 15:02:31 Europe/Helsinki] PHP Notice:  Undefined index: firstName in /var/www/app2/module/Application/src/Application/Model/Messages.php on line 64
[20-Sep-2015 15:02:31 Europe/Helsinki] PHP Notice:  Undefined index: company in /var/www/app2/module/Application/src/Application/Model/Messages.php on line 65
[20-Sep-2015 15:02:31 Europe/Helsinki] PHP Notice:  Undefined index: email in /var/www/app2/module/Application/src/Application/Model/Messages.php on line 66
[20-Sep-2015 17:10:15 Europe/Helsinki] PHP Notice:  Undefined index: firstName in /var/www/app2/module/Application/src/Application/Model/Messages.php on line 64
[20-Sep-2015 17:29:18 Europe/Helsinki] PHP Parse error:  syntax error, unexpected ')' in /var/www/app2/module/Application/src/Application/Model/Messages.php on line 70
[20-Sep-2015 17:35:44 Europe/Helsinki] PHP Parse error:  syntax error, unexpected ')' in /var/www/app2/module/Application/src/Application/Model/Messages.php on line 70
[20-Sep-2015 17:38:12 Europe/Helsinki] PHP Parse error:  syntax error, unexpected ')' in /var/www/app2/module/Application/src/Application/Model/Messages.php on line 70
[20-Sep-2015 17:39:04 Europe/Helsinki] PHP Parse error:  syntax error, unexpected ')' in /var/www/app2/module/Application/src/Application/Model/Messages.php on line 70
[20-Sep-2015 22:33:28 Europe/Helsinki] PHP Parse error:  syntax error, unexpected 'foreach' (T_FOREACH) in /var/www/app2/module/Application/src/Application/Controller/AjaxController.php on line 47
[20-Sep-2015 23:07:04 Europe/Helsinki] PHP Parse error:  syntax error, unexpected '$html' (T_VARIABLE), expecting function (T_FUNCTION) in /var/www/app2/module/Application/src/Application/Controller/AjaxController.php on line 109
[20-Sep-2015 23:07:38 Europe/Helsinki] PHP Notice:  Undefined index: services in /var/www/app2/module/Application/src/Application/Controller/AjaxController.php on line 36
[21-Sep-2015 12:46:00 Europe/Helsinki] PHP Notice:  Undefined index: services in /var/www/app2/module/Application/src/Application/Controller/AjaxController.php on line 36
[21-Sep-2015 12:46:00 Europe/Helsinki] PHP Notice:  Undefined index: solutions in /var/www/app2/module/Application/src/Application/Controller/AjaxController.php on line 45
[21-Sep-2015 12:46:00 Europe/Helsinki] PHP Notice:  Undefined index: firstName in /var/www/app2/module/Application/src/Application/Controller/AjaxController.php on line 56
[21-Sep-2015 12:46:00 Europe/Helsinki] PHP Notice:  Undefined index: company in /var/www/app2/module/Application/src/Application/Controller/AjaxController.php on line 57
[21-Sep-2015 12:46:00 Europe/Helsinki] PHP Notice:  Undefined index: email in /var/www/app2/module/Application/src/Application/Controller/AjaxController.php on line 58
[21-Sep-2015 12:46:00 Europe/Helsinki] PHP Notice:  Undefined index: phone in /var/www/app2/module/Application/src/Application/Controller/AjaxController.php on line 59
[21-Sep-2015 12:46:00 Europe/Helsinki] PHP Notice:  Undefined index: msg_text in /var/www/app2/module/Application/src/Application/Controller/AjaxController.php on line 60
[21-Sep-2015 12:46:04 Europe/Helsinki] PHP Notice:  Undefined index: services in /var/www/app2/module/Application/src/Application/Controller/AjaxController.php on line 36
[21-Sep-2015 12:46:04 Europe/Helsinki] PHP Notice:  Undefined index: solutions in /var/www/app2/module/Application/src/Application/Controller/AjaxController.php on line 45
[21-Sep-2015 12:46:04 Europe/Helsinki] PHP Notice:  Undefined index: firstName in /var/www/app2/module/Application/src/Application/Controller/AjaxController.php on line 56
[21-Sep-2015 12:46:04 Europe/Helsinki] PHP Notice:  Undefined index: company in /var/www/app2/module/Application/src/Application/Controller/AjaxController.php on line 57
[21-Sep-2015 12:46:04 Europe/Helsinki] PHP Notice:  Undefined index: email in /var/www/app2/module/Application/src/Application/Controller/AjaxController.php on line 58
[21-Sep-2015 12:46:04 Europe/Helsinki] PHP Notice:  Undefined index: phone in /var/www/app2/module/Application/src/Application/Controller/AjaxController.php on line 59
[21-Sep-2015 12:46:04 Europe/Helsinki] PHP Notice:  Undefined index: msg_text in /var/www/app2/module/Application/src/Application/Controller/AjaxController.php on line 60
[21-Sep-2015 12:46:35 Europe/Helsinki] PHP Notice:  Undefined index: services in /var/www/app2/module/Application/src/Application/Controller/AjaxController.php on line 36
[21-Sep-2015 12:46:35 Europe/Helsinki] PHP Notice:  Undefined index: solutions in /var/www/app2/module/Application/src/Application/Controller/AjaxController.php on line 45
[21-Sep-2015 12:46:35 Europe/Helsinki] PHP Notice:  Undefined index: firstName in /var/www/app2/module/Application/src/Application/Controller/AjaxController.php on line 56
[21-Sep-2015 12:46:35 Europe/Helsinki] PHP Notice:  Undefined index: company in /var/www/app2/module/Application/src/Application/Controller/AjaxController.php on line 57
[21-Sep-2015 12:46:35 Europe/Helsinki] PHP Notice:  Undefined index: email in /var/www/app2/module/Application/src/Application/Controller/AjaxController.php on line 58
[21-Sep-2015 12:46:35 Europe/Helsinki] PHP Notice:  Undefined index: phone in /var/www/app2/module/Application/src/Application/Controller/AjaxController.php on line 59
[21-Sep-2015 12:46:35 Europe/Helsinki] PHP Notice:  Undefined index: msg_text in /var/www/app2/module/Application/src/Application/Controller/AjaxController.php on line 60
[21-Sep-2015 12:49:50 Europe/Helsinki] PHP Notice:  Undefined index: services in /var/www/app2/module/Application/src/Application/Controller/AjaxController.php on line 36
[21-Sep-2015 12:49:50 Europe/Helsinki] PHP Notice:  Undefined index: solutions in /var/www/app2/module/Application/src/Application/Controller/AjaxController.php on line 45
[21-Sep-2015 12:49:50 Europe/Helsinki] PHP Notice:  Undefined index: firstName in /var/www/app2/module/Application/src/Application/Controller/AjaxController.php on line 56
[21-Sep-2015 12:49:50 Europe/Helsinki] PHP Notice:  Undefined index: company in /var/www/app2/module/Application/src/Application/Controller/AjaxController.php on line 57
[21-Sep-2015 12:49:50 Europe/Helsinki] PHP Notice:  Undefined index: email in /var/www/app2/module/Application/src/Application/Controller/AjaxController.php on line 58
[21-Sep-2015 12:49:50 Europe/Helsinki] PHP Notice:  Undefined index: phone in /var/www/app2/module/Application/src/Application/Controller/AjaxController.php on line 59
[21-Sep-2015 12:49:50 Europe/Helsinki] PHP Notice:  Undefined index: msg_text in /var/www/app2/module/Application/src/Application/Controller/AjaxController.php on line 60
[21-Sep-2015 12:49:53 Europe/Helsinki] PHP Notice:  Undefined index: services in /var/www/app2/module/Application/src/Application/Controller/AjaxController.php on line 36
[21-Sep-2015 12:49:53 Europe/Helsinki] PHP Notice:  Undefined index: solutions in /var/www/app2/module/Application/src/Application/Controller/AjaxController.php on line 45
[21-Sep-2015 12:49:53 Europe/Helsinki] PHP Notice:  Undefined index: firstName in /var/www/app2/module/Application/src/Application/Controller/AjaxController.php on line 56
[21-Sep-2015 12:49:53 Europe/Helsinki] PHP Notice:  Undefined index: company in /var/www/app2/module/Application/src/Application/Controller/AjaxController.php on line 57
[21-Sep-2015 12:49:53 Europe/Helsinki] PHP Notice:  Undefined index: email in /var/www/app2/module/Application/src/Application/Controller/AjaxController.php on line 58
[21-Sep-2015 12:49:53 Europe/Helsinki] PHP Notice:  Undefined index: phone in /var/www/app2/module/Application/src/Application/Controller/AjaxController.php on line 59
[21-Sep-2015 12:49:53 Europe/Helsinki] PHP Notice:  Undefined index: msg_text in /var/www/app2/module/Application/src/Application/Controller/AjaxController.php on line 60
[21-Sep-2015 12:49:58 Europe/Helsinki] PHP Notice:  Undefined index: services in /var/www/app2/module/Application/src/Application/Controller/AjaxController.php on line 36
[21-Sep-2015 12:49:58 Europe/Helsinki] PHP Notice:  Undefined index: solutions in /var/www/app2/module/Application/src/Application/Controller/AjaxController.php on line 45
[21-Sep-2015 12:49:58 Europe/Helsinki] PHP Notice:  Undefined index: firstName in /var/www/app2/module/Application/src/Application/Controller/AjaxController.php on line 56
[21-Sep-2015 12:49:58 Europe/Helsinki] PHP Notice:  Undefined index: company in /var/www/app2/module/Application/src/Application/Controller/AjaxController.php on line 57
[21-Sep-2015 12:49:58 Europe/Helsinki] PHP Notice:  Undefined index: email in /var/www/app2/module/Application/src/Application/Controller/AjaxController.php on line 58
[21-Sep-2015 12:49:58 Europe/Helsinki] PHP Notice:  Undefined index: phone in /var/www/app2/module/Application/src/Application/Controller/AjaxController.php on line 59
[21-Sep-2015 12:49:58 Europe/Helsinki] PHP Notice:  Undefined index: msg_text in /var/www/app2/module/Application/src/Application/Controller/AjaxController.php on line 60
[21-Sep-2015 12:50:02 Europe/Helsinki] PHP Notice:  Undefined index: services in /var/www/app2/module/Application/src/Application/Controller/AjaxController.php on line 36
[21-Sep-2015 12:50:02 Europe/Helsinki] PHP Notice:  Undefined index: solutions in /var/www/app2/module/Application/src/Application/Controller/AjaxController.php on line 45
[21-Sep-2015 12:50:02 Europe/Helsinki] PHP Notice:  Undefined index: firstName in /var/www/app2/module/Application/src/Application/Controller/AjaxController.php on line 56
[21-Sep-2015 12:50:02 Europe/Helsinki] PHP Notice:  Undefined index: company in /var/www/app2/module/Application/src/Application/Controller/AjaxController.php on line 57
[21-Sep-2015 12:50:02 Europe/Helsinki] PHP Notice:  Undefined index: email in /var/www/app2/module/Application/src/Application/Controller/AjaxController.php on line 58
[21-Sep-2015 12:50:02 Europe/Helsinki] PHP Notice:  Undefined index: phone in /var/www/app2/module/Application/src/Application/Controller/AjaxController.php on line 59
[21-Sep-2015 12:50:02 Europe/Helsinki] PHP Notice:  Undefined index: msg_text in /var/www/app2/module/Application/src/Application/Controller/AjaxController.php on line 60
[21-Sep-2015 12:50:21 Europe/Helsinki] PHP Notice:  Undefined index: services in /var/www/app2/module/Application/src/Application/Controller/AjaxController.php on line 36
[21-Sep-2015 12:50:21 Europe/Helsinki] PHP Notice:  Undefined index: solutions in /var/www/app2/module/Application/src/Application/Controller/AjaxController.php on line 45
[21-Sep-2015 12:50:21 Europe/Helsinki] PHP Notice:  Undefined index: firstName in /var/www/app2/module/Application/src/Application/Controller/AjaxController.php on line 56
[21-Sep-2015 12:50:21 Europe/Helsinki] PHP Notice:  Undefined index: company in /var/www/app2/module/Application/src/Application/Controller/AjaxController.php on line 57
[21-Sep-2015 12:50:21 Europe/Helsinki] PHP Notice:  Undefined index: email in /var/www/app2/module/Application/src/Application/Controller/AjaxController.php on line 58
[21-Sep-2015 12:50:21 Europe/Helsinki] PHP Notice:  Undefined index: phone in /var/www/app2/module/Application/src/Application/Controller/AjaxController.php on line 59
[21-Sep-2015 12:50:21 Europe/Helsinki] PHP Notice:  Undefined index: msg_text in /var/www/app2/module/Application/src/Application/Controller/AjaxController.php on line 60
[21-Sep-2015 12:50:23 Europe/Helsinki] PHP Notice:  Undefined index: services in /var/www/app2/module/Application/src/Application/Controller/AjaxController.php on line 36
[21-Sep-2015 12:50:23 Europe/Helsinki] PHP Notice:  Undefined index: solutions in /var/www/app2/module/Application/src/Application/Controller/AjaxController.php on line 45
[21-Sep-2015 12:50:23 Europe/Helsinki] PHP Notice:  Undefined index: firstName in /var/www/app2/module/Application/src/Application/Controller/AjaxController.php on line 56
[21-Sep-2015 12:50:23 Europe/Helsinki] PHP Notice:  Undefined index: company in /var/www/app2/module/Application/src/Application/Controller/AjaxController.php on line 57
[21-Sep-2015 12:50:23 Europe/Helsinki] PHP Notice:  Undefined index: email in /var/www/app2/module/Application/src/Application/Controller/AjaxController.php on line 58
[21-Sep-2015 12:50:23 Europe/Helsinki] PHP Notice:  Undefined index: phone in /var/www/app2/module/Application/src/Application/Controller/AjaxController.php on line 59
[21-Sep-2015 12:50:23 Europe/Helsinki] PHP Notice:  Undefined index: msg_text in /var/www/app2/module/Application/src/Application/Controller/AjaxController.php on line 60
[21-Sep-2015 12:50:25 Europe/Helsinki] PHP Notice:  Undefined index: services in /var/www/app2/module/Application/src/Application/Controller/AjaxController.php on line 36
[21-Sep-2015 12:50:25 Europe/Helsinki] PHP Notice:  Undefined index: solutions in /var/www/app2/module/Application/src/Application/Controller/AjaxController.php on line 45
[21-Sep-2015 12:50:25 Europe/Helsinki] PHP Notice:  Undefined index: firstName in /var/www/app2/module/Application/src/Application/Controller/AjaxController.php on line 56
[21-Sep-2015 12:50:25 Europe/Helsinki] PHP Notice:  Undefined index: company in /var/www/app2/module/Application/src/Application/Controller/AjaxController.php on line 57
[21-Sep-2015 12:50:25 Europe/Helsinki] PHP Notice:  Undefined index: email in /var/www/app2/module/Application/src/Application/Controller/AjaxController.php on line 58
[21-Sep-2015 12:50:25 Europe/Helsinki] PHP Notice:  Undefined index: phone in /var/www/app2/module/Application/src/Application/Controller/AjaxController.php on line 59
[21-Sep-2015 12:50:25 Europe/Helsinki] PHP Notice:  Undefined index: msg_text in /var/www/app2/module/Application/src/Application/Controller/AjaxController.php on line 60
[21-Sep-2015 12:50:27 Europe/Helsinki] PHP Notice:  Undefined index: services in /var/www/app2/module/Application/src/Application/Controller/AjaxController.php on line 36
[21-Sep-2015 12:50:27 Europe/Helsinki] PHP Notice:  Undefined index: solutions in /var/www/app2/module/Application/src/Application/Controller/AjaxController.php on line 45
[21-Sep-2015 12:50:27 Europe/Helsinki] PHP Notice:  Undefined index: firstName in /var/www/app2/module/Application/src/Application/Controller/AjaxController.php on line 56
[21-Sep-2015 12:50:27 Europe/Helsinki] PHP Notice:  Undefined index: company in /var/www/app2/module/Application/src/Application/Controller/AjaxController.php on line 57
[21-Sep-2015 12:50:27 Europe/Helsinki] PHP Notice:  Undefined index: email in /var/www/app2/module/Application/src/Application/Controller/AjaxController.php on line 58
[21-Sep-2015 12:50:27 Europe/Helsinki] PHP Notice:  Undefined index: phone in /var/www/app2/module/Application/src/Application/Controller/AjaxController.php on line 59
[21-Sep-2015 12:50:27 Europe/Helsinki] PHP Notice:  Undefined index: msg_text in /var/www/app2/module/Application/src/Application/Controller/AjaxController.php on line 60
[21-Sep-2015 12:50:29 Europe/Helsinki] PHP Notice:  Undefined index: services in /var/www/app2/module/Application/src/Application/Controller/AjaxController.php on line 36
[21-Sep-2015 12:50:29 Europe/Helsinki] PHP Notice:  Undefined index: solutions in /var/www/app2/module/Application/src/Application/Controller/AjaxController.php on line 45
[21-Sep-2015 12:50:29 Europe/Helsinki] PHP Notice:  Undefined index: firstName in /var/www/app2/module/Application/src/Application/Controller/AjaxController.php on line 56
[21-Sep-2015 12:50:29 Europe/Helsinki] PHP Notice:  Undefined index: company in /var/www/app2/module/Application/src/Application/Controller/AjaxController.php on line 57
[21-Sep-2015 12:50:29 Europe/Helsinki] PHP Notice:  Undefined index: email in /var/www/app2/module/Application/src/Application/Controller/AjaxController.php on line 58
[21-Sep-2015 12:50:29 Europe/Helsinki] PHP Notice:  Undefined index: phone in /var/www/app2/module/Application/src/Application/Controller/AjaxController.php on line 59
[21-Sep-2015 12:50:29 Europe/Helsinki] PHP Notice:  Undefined index: msg_text in /var/www/app2/module/Application/src/Application/Controller/AjaxController.php on line 60
[21-Sep-2015 12:50:31 Europe/Helsinki] PHP Notice:  Undefined index: services in /var/www/app2/module/Application/src/Application/Controller/AjaxController.php on line 36
[21-Sep-2015 12:50:31 Europe/Helsinki] PHP Notice:  Undefined index: solutions in /var/www/app2/module/Application/src/Application/Controller/AjaxController.php on line 45
[21-Sep-2015 12:50:31 Europe/Helsinki] PHP Notice:  Undefined index: firstName in /var/www/app2/module/Application/src/Application/Controller/AjaxController.php on line 56
[21-Sep-2015 12:50:31 Europe/Helsinki] PHP Notice:  Undefined index: company in /var/www/app2/module/Application/src/Application/Controller/AjaxController.php on line 57
[21-Sep-2015 12:50:31 Europe/Helsinki] PHP Notice:  Undefined index: email in /var/www/app2/module/Application/src/Application/Controller/AjaxController.php on line 58
[21-Sep-2015 12:50:31 Europe/Helsinki] PHP Notice:  Undefined index: phone in /var/www/app2/module/Application/src/Application/Controller/AjaxController.php on line 59
[21-Sep-2015 12:50:31 Europe/Helsinki] PHP Notice:  Undefined index: msg_text in /var/www/app2/module/Application/src/Application/Controller/AjaxController.php on line 60
[21-Sep-2015 12:50:33 Europe/Helsinki] PHP Notice:  Undefined index: services in /var/www/app2/module/Application/src/Application/Controller/AjaxController.php on line 36
[21-Sep-2015 12:50:33 Europe/Helsinki] PHP Notice:  Undefined index: solutions in /var/www/app2/module/Application/src/Application/Controller/AjaxController.php on line 45
[21-Sep-2015 12:50:33 Europe/Helsinki] PHP Notice:  Undefined index: firstName in /var/www/app2/module/Application/src/Application/Controller/AjaxController.php on line 56
[21-Sep-2015 12:50:33 Europe/Helsinki] PHP Notice:  Undefined index: company in /var/www/app2/module/Application/src/Application/Controller/AjaxController.php on line 57
[21-Sep-2015 12:50:33 Europe/Helsinki] PHP Notice:  Undefined index: email in /var/www/app2/module/Application/src/Application/Controller/AjaxController.php on line 58
[21-Sep-2015 12:50:33 Europe/Helsinki] PHP Notice:  Undefined index: phone in /var/www/app2/module/Application/src/Application/Controller/AjaxController.php on line 59
[21-Sep-2015 12:50:33 Europe/Helsinki] PHP Notice:  Undefined index: msg_text in /var/www/app2/module/Application/src/Application/Controller/AjaxController.php on line 60
[21-Sep-2015 12:53:12 Europe/Helsinki] PHP Notice:  Undefined index: services in /var/www/app2/module/Application/src/Application/Controller/AjaxController.php on line 36
[21-Sep-2015 12:53:12 Europe/Helsinki] PHP Notice:  Undefined index: solutions in /var/www/app2/module/Application/src/Application/Controller/AjaxController.php on line 45
[21-Sep-2015 12:53:12 Europe/Helsinki] PHP Notice:  Undefined index: firstName in /var/www/app2/module/Application/src/Application/Controller/AjaxController.php on line 56
[21-Sep-2015 12:53:12 Europe/Helsinki] PHP Notice:  Undefined index: company in /var/www/app2/module/Application/src/Application/Controller/AjaxController.php on line 57
[21-Sep-2015 12:53:12 Europe/Helsinki] PHP Notice:  Undefined index: email in /var/www/app2/module/Application/src/Application/Controller/AjaxController.php on line 58
[21-Sep-2015 12:53:12 Europe/Helsinki] PHP Notice:  Undefined index: phone in /var/www/app2/module/Application/src/Application/Controller/AjaxController.php on line 59
[21-Sep-2015 12:53:12 Europe/Helsinki] PHP Notice:  Undefined index: msg_text in /var/www/app2/module/Application/src/Application/Controller/AjaxController.php on line 60
[21-Sep-2015 12:53:14 Europe/Helsinki] PHP Notice:  Undefined index: services in /var/www/app2/module/Application/src/Application/Controller/AjaxController.php on line 36
[21-Sep-2015 12:53:14 Europe/Helsinki] PHP Notice:  Undefined index: solutions in /var/www/app2/module/Application/src/Application/Controller/AjaxController.php on line 45
[21-Sep-2015 12:53:14 Europe/Helsinki] PHP Notice:  Undefined index: firstName in /var/www/app2/module/Application/src/Application/Controller/AjaxController.php on line 56
[21-Sep-2015 12:53:14 Europe/Helsinki] PHP Notice:  Undefined index: company in /var/www/app2/module/Application/src/Application/Controller/AjaxController.php on line 57
[21-Sep-2015 12:53:14 Europe/Helsinki] PHP Notice:  Undefined index: email in /var/www/app2/module/Application/src/Application/Controller/AjaxController.php on line 58
[21-Sep-2015 12:53:14 Europe/Helsinki] PHP Notice:  Undefined index: phone in /var/www/app2/module/Application/src/Application/Controller/AjaxController.php on line 59
[21-Sep-2015 12:53:14 Europe/Helsinki] PHP Notice:  Undefined index: msg_text in /var/www/app2/module/Application/src/Application/Controller/AjaxController.php on line 60
[21-Sep-2015 12:53:16 Europe/Helsinki] PHP Notice:  Undefined index: services in /var/www/app2/module/Application/src/Application/Controller/AjaxController.php on line 36
[21-Sep-2015 12:53:16 Europe/Helsinki] PHP Notice:  Undefined index: solutions in /var/www/app2/module/Application/src/Application/Controller/AjaxController.php on line 45
[21-Sep-2015 12:53:16 Europe/Helsinki] PHP Notice:  Undefined index: firstName in /var/www/app2/module/Application/src/Application/Controller/AjaxController.php on line 56
[21-Sep-2015 12:53:16 Europe/Helsinki] PHP Notice:  Undefined index: company in /var/www/app2/module/Application/src/Application/Controller/AjaxController.php on line 57
[21-Sep-2015 12:53:16 Europe/Helsinki] PHP Notice:  Undefined index: email in /var/www/app2/module/Application/src/Application/Controller/AjaxController.php on line 58
[21-Sep-2015 12:53:16 Europe/Helsinki] PHP Notice:  Undefined index: phone in /var/www/app2/module/Application/src/Application/Controller/AjaxController.php on line 59
[21-Sep-2015 12:53:16 Europe/Helsinki] PHP Notice:  Undefined index: msg_text in /var/www/app2/module/Application/src/Application/Controller/AjaxController.php on line 60
[21-Sep-2015 12:53:18 Europe/Helsinki] PHP Notice:  Undefined index: services in /var/www/app2/module/Application/src/Application/Controller/AjaxController.php on line 36
[21-Sep-2015 12:53:18 Europe/Helsinki] PHP Notice:  Undefined index: solutions in /var/www/app2/module/Application/src/Application/Controller/AjaxController.php on line 45
[21-Sep-2015 12:53:18 Europe/Helsinki] PHP Notice:  Undefined index: firstName in /var/www/app2/module/Application/src/Application/Controller/AjaxController.php on line 56
[21-Sep-2015 12:53:18 Europe/Helsinki] PHP Notice:  Undefined index: company in /var/www/app2/module/Application/src/Application/Controller/AjaxController.php on line 57
[21-Sep-2015 12:53:18 Europe/Helsinki] PHP Notice:  Undefined index: email in /var/www/app2/module/Application/src/Application/Controller/AjaxController.php on line 58
[21-Sep-2015 12:53:18 Europe/Helsinki] PHP Notice:  Undefined index: phone in /var/www/app2/module/Application/src/Application/Controller/AjaxController.php on line 59
[21-Sep-2015 12:53:18 Europe/Helsinki] PHP Notice:  Undefined index: msg_text in /var/www/app2/module/Application/src/Application/Controller/AjaxController.php on line 60
[21-Sep-2015 12:53:21 Europe/Helsinki] PHP Notice:  Undefined index: services in /var/www/app2/module/Application/src/Application/Controller/AjaxController.php on line 36
[21-Sep-2015 12:53:21 Europe/Helsinki] PHP Notice:  Undefined index: solutions in /var/www/app2/module/Application/src/Application/Controller/AjaxController.php on line 45
[21-Sep-2015 12:53:21 Europe/Helsinki] PHP Notice:  Undefined index: firstName in /var/www/app2/module/Application/src/Application/Controller/AjaxController.php on line 56
[21-Sep-2015 12:53:21 Europe/Helsinki] PHP Notice:  Undefined index: company in /var/www/app2/module/Application/src/Application/Controller/AjaxController.php on line 57
[21-Sep-2015 12:53:21 Europe/Helsinki] PHP Notice:  Undefined index: email in /var/www/app2/module/Application/src/Application/Controller/AjaxController.php on line 58
[21-Sep-2015 12:53:21 Europe/Helsinki] PHP Notice:  Undefined index: phone in /var/www/app2/module/Application/src/Application/Controller/AjaxController.php on line 59
[21-Sep-2015 12:53:21 Europe/Helsinki] PHP Notice:  Undefined index: msg_text in /var/www/app2/module/Application/src/Application/Controller/AjaxController.php on line 60
[21-Sep-2015 12:54:06 Europe/Helsinki] PHP Notice:  Undefined index: services in /var/www/app2/module/Application/src/Application/Controller/AjaxController.php on line 36
[21-Sep-2015 12:54:06 Europe/Helsinki] PHP Notice:  Undefined index: solutions in /var/www/app2/module/Application/src/Application/Controller/AjaxController.php on line 45
[21-Sep-2015 12:54:06 Europe/Helsinki] PHP Notice:  Undefined index: firstName in /var/www/app2/module/Application/src/Application/Controller/AjaxController.php on line 56
[21-Sep-2015 12:54:06 Europe/Helsinki] PHP Notice:  Undefined index: company in /var/www/app2/module/Application/src/Application/Controller/AjaxController.php on line 57
[21-Sep-2015 12:54:06 Europe/Helsinki] PHP Notice:  Undefined index: email in /var/www/app2/module/Application/src/Application/Controller/AjaxController.php on line 58
[21-Sep-2015 12:54:06 Europe/Helsinki] PHP Notice:  Undefined index: phone in /var/www/app2/module/Application/src/Application/Controller/AjaxController.php on line 59
[21-Sep-2015 12:54:06 Europe/Helsinki] PHP Notice:  Undefined index: msg_text in /var/www/app2/module/Application/src/Application/Controller/AjaxController.php on line 60
[21-Sep-2015 15:50:46 Europe/Helsinki] PHP Parse error:  syntax error, unexpected '=>' (T_DOUBLE_ARROW) in /var/www/app2/module/Admin/config/module.config.php on line 39
[21-Sep-2015 15:51:16 Europe/Helsinki] PHP Fatal error:  Uncaught exception 'Zend\Mvc\Router\Exception\InvalidArgumentException' with message 'Missing "route" in options array' in /var/www/app2/vendor/zendframework/zend-mvc/src/Router/Http/Literal.php:65
Stack trace:
#0 /var/www/app2/vendor/zendframework/zend-mvc/src/Router/RoutePluginManager.php(111): Zend\Mvc\Router\Http\Literal::factory(Array)
#1 /var/www/app2/vendor/zendframework/zend-servicemanager/src/ServiceManager.php(642): Zend\Mvc\Router\RoutePluginManager->createFromInvokable('literal', 'literal')
#2 /var/www/app2/vendor/zendframework/zend-servicemanager/src/ServiceManager.php(598): Zend\ServiceManager\ServiceManager->doCreate('literal', 'literal')
#3 /var/www/app2/vendor/zendframework/zend-servicemanager/src/ServiceManager.php(530): Zend\ServiceManager\ServiceManager->create(Array)
#4 /var/www/app2/vendor/zendframework/zend-servicemanager/src/AbstractPluginManager.php(116): Zend\ServiceManager\ServiceManager->get('literal', true)
#5 /var/www/app2/vendor/zendframework/zend-mvc/src/Router/SimpleRouteStack in /var/www/app2/vendor/zendframework/zend-mvc/src/Router/Http/Literal.php on line 65
[21-Sep-2015 16:04:21 Europe/Helsinki] PHP Fatal error:  Uncaught exception 'Zend\Mvc\Router\Exception\InvalidArgumentException' with message 'Missing "route" in options array' in /var/www/app2/vendor/zendframework/zend-mvc/src/Router/Http/Literal.php:65
Stack trace:
#0 /var/www/app2/vendor/zendframework/zend-mvc/src/Router/RoutePluginManager.php(111): Zend\Mvc\Router\Http\Literal::factory(Array)
#1 /var/www/app2/vendor/zendframework/zend-servicemanager/src/ServiceManager.php(642): Zend\Mvc\Router\RoutePluginManager->createFromInvokable('literal', 'literal')
#2 /var/www/app2/vendor/zendframework/zend-servicemanager/src/ServiceManager.php(598): Zend\ServiceManager\ServiceManager->doCreate('literal', 'literal')
#3 /var/www/app2/vendor/zendframework/zend-servicemanager/src/ServiceManager.php(530): Zend\ServiceManager\ServiceManager->create(Array)
#4 /var/www/app2/vendor/zendframework/zend-servicemanager/src/AbstractPluginManager.php(116): Zend\ServiceManager\ServiceManager->get('literal', true)
#5 /var/www/app2/vendor/zendframework/zend-mvc/src/Router/SimpleRouteStack in /var/www/app2/vendor/zendframework/zend-mvc/src/Router/Http/Literal.php on line 65
[21-Sep-2015 16:19:36 Europe/Helsinki] PHP Fatal error:  Class 'Admin\Controller\ViewModel' not found in /var/www/app2/module/Admin/src/Admin/Controller/IndexController.php on line 22
[21-Sep-2015 16:20:19 Europe/Helsinki] PHP Fatal error:  Class 'Admin\Controller\ViewModel' not found in /var/www/app2/module/Admin/src/Admin/Controller/IndexController.php on line 22
[21-Sep-2015 16:20:28 Europe/Helsinki] PHP Fatal error:  Class 'Admin\Controller\ViewModel' not found in /var/www/app2/module/Admin/src/Admin/Controller/IndexController.php on line 22
[21-Sep-2015 16:21:40 Europe/Helsinki] PHP Fatal error:  Class 'Admin\Controller\ViewModel' not found in /var/www/app2/module/Admin/src/Admin/Controller/IndexController.php on line 22
[21-Sep-2015 16:22:05 Europe/Helsinki] PHP Fatal error:  Class 'Admin\Controller\ViewModel' not found in /var/www/app2/module/Admin/src/Admin/Controller/IndexController.php on line 22
[24-Sep-2015 16:27:50 Europe/Helsinki] PHP Notice:  Trying to get property of non-object in /var/www/app2/module/Admin/src/Admin/Controller/AjaxController.php on line 32
[24-Sep-2015 16:31:24 Europe/Helsinki] PHP Notice:  Trying to get property of non-object in /var/www/app2/module/Admin/src/Admin/Controller/AjaxController.php on line 32
[24-Sep-2015 16:31:24 Europe/Helsinki] PHP Notice:  Trying to get property of non-object in /var/www/app2/module/Admin/src/Admin/Controller/AjaxController.php on line 37
[24-Sep-2015 16:31:26 Europe/Helsinki] PHP Notice:  Trying to get property of non-object in /var/www/app2/module/Admin/src/Admin/Controller/AjaxController.php on line 32
[24-Sep-2015 16:31:26 Europe/Helsinki] PHP Notice:  Trying to get property of non-object in /var/www/app2/module/Admin/src/Admin/Controller/AjaxController.php on line 37
[24-Sep-2015 16:32:15 Europe/Helsinki] PHP Notice:  Trying to get property of non-object in /var/www/app2/module/Admin/src/Admin/Controller/AjaxController.php on line 32
[24-Sep-2015 16:55:52 Europe/Helsinki] PHP Parse error:  syntax error, unexpected 'privat' (T_STRING), expecting function (T_FUNCTION) in /var/www/app2/module/Application/src/Application/Model/Pages.php on line 59
[24-Sep-2015 16:56:57 Europe/Helsinki] PHP Fatal error:  Call to undefined function Application\Model\getPages() in /var/www/app2/module/Application/src/Application/Model/Pages.php on line 73
[25-Sep-2015 10:00:35 Europe/Helsinki] PHP Fatal error:  Call to undefined function Application\Model\getPages() in /var/www/app2/module/Application/src/Application/Model/Pages.php on line 73
[25-Sep-2015 10:54:03 Europe/Helsinki] PHP Notice:  Undefined variable: thid in /var/www/app2/module/Application/src/Application/Model/Pages.php on line 118
[25-Sep-2015 10:54:03 Europe/Helsinki] PHP Fatal error:  Call to a member function updatePagesLo() on a non-object in /var/www/app2/module/Application/src/Application/Model/Pages.php on line 118
[25-Sep-2015 11:16:20 Europe/Helsinki] PHP Notice:  Undefined offset: 0 in /var/www/app2/module/Application/src/Application/Model/Pages.php on line 94
[25-Sep-2015 11:23:14 Europe/Helsinki] PHP Parse error:  syntax error, unexpected ',' in /var/www/app2/module/Application/src/Application/Model/Pages.php on line 71
[26-Sep-2015 12:01:41 Europe/Helsinki] PHP Warning:  mysql_real_escape_string(): Access denied for user 'www-data'@'localhost' (using password: NO) in /var/www/app2/module/Application/src/Application/Model/Pages.php on line 55
[26-Sep-2015 12:01:41 Europe/Helsinki] PHP Warning:  mysql_real_escape_string(): A link to the server could not be established in /var/www/app2/module/Application/src/Application/Model/Pages.php on line 55
[26-Sep-2015 12:01:41 Europe/Helsinki] PHP Warning:  mysql_real_escape_string(): Access denied for user 'www-data'@'localhost' (using password: NO) in /var/www/app2/module/Application/src/Application/Model/Pages.php on line 56
[26-Sep-2015 12:01:41 Europe/Helsinki] PHP Warning:  mysql_real_escape_string(): A link to the server could not be established in /var/www/app2/module/Application/src/Application/Model/Pages.php on line 56
[26-Sep-2015 12:12:48 Europe/Helsinki] PHP Warning:  mysql_real_escape_string(): Access denied for user 'www-data'@'localhost' (using password: NO) in /var/www/app2/module/Application/src/Application/Model/Pages.php on line 55
[26-Sep-2015 12:12:48 Europe/Helsinki] PHP Warning:  mysql_real_escape_string(): A link to the server could not be established in /var/www/app2/module/Application/src/Application/Model/Pages.php on line 55
[26-Sep-2015 12:12:48 Europe/Helsinki] PHP Warning:  mysql_real_escape_string(): Access denied for user 'www-data'@'localhost' (using password: NO) in /var/www/app2/module/Application/src/Application/Model/Pages.php on line 56
[26-Sep-2015 12:12:48 Europe/Helsinki] PHP Warning:  mysql_real_escape_string(): A link to the server could not be established in /var/www/app2/module/Application/src/Application/Model/Pages.php on line 56
[26-Sep-2015 19:15:15 Europe/Helsinki] PHP Fatal error:  Call to undefined method BjyProfiler\Db\Adapter\ProfilingAdapter::prepare() in /var/www/app2/module/Application/src/Application/Model/Pages.php on line 75
[26-Sep-2015 19:16:58 Europe/Helsinki] PHP Fatal error:  Call to undefined method BjyProfiler\Db\Adapter\ProfilingAdapter::prepare() in /var/www/app2/module/Application/src/Application/Model/Pages.php on line 75
[26-Sep-2015 19:44:57 Europe/Helsinki] PHP Fatal error:  Cannot use Zend\Db\TableGateway\TableGateway as TableGateway because the name is already in use in /var/www/app2/module/Application/src/Application/Model/Pages.php on line 10
[26-Sep-2015 19:45:51 Europe/Helsinki] PHP Parse error:  syntax error, unexpected 'private' (T_PRIVATE) in /var/www/app2/module/Application/src/Application/Model/Pages.php on line 135
[26-Sep-2015 19:46:32 Europe/Helsinki] PHP Catchable fatal error:  Argument 2 passed to Application\Model\Pages::__construct() must be an instance of Zend\Db\TableGateway\TableGateway, none given, called in /var/www/app2/module/Application/config/module.config.php on line 114 and defined in /var/www/app2/module/Application/src/Application/Model/Pages.php on line 19
[26-Sep-2015 19:52:30 Europe/Helsinki] PHP Notice:  Undefined index: name in /var/www/app2/module/Application/src/Application/Model/Pages.php on line 34
[26-Sep-2015 19:52:30 Europe/Helsinki] PHP Notice:  Undefined index: id in /var/www/app2/module/Application/src/Application/Model/Pages.php on line 37
[26-Sep-2015 19:52:30 Europe/Helsinki] PHP Fatal error:  Call to a member function insert() on a non-object in /var/www/app2/module/Application/src/Application/Model/Pages.php on line 39
[26-Sep-2015 19:57:23 Europe/Helsinki] PHP Notice:  Undefined index: id in /var/www/app2/module/Application/src/Application/Model/Pages.php on line 37
[26-Sep-2015 19:57:23 Europe/Helsinki] PHP Fatal error:  Call to a member function insert() on a non-object in /var/www/app2/module/Application/src/Application/Model/Pages.php on line 39
[26-Sep-2015 19:58:54 Europe/Helsinki] PHP Notice:  Undefined variable: id in /var/www/app2/module/Application/src/Application/Model/Pages.php on line 38
[26-Sep-2015 19:59:40 Europe/Helsinki] PHP Notice:  Undefined variable: id in /var/www/app2/module/Application/src/Application/Model/Pages.php on line 38
[26-Sep-2015 20:00:53 Europe/Helsinki] PHP Notice:  Undefined variable: id in /var/www/app2/module/Application/src/Application/Model/Pages.php on line 38
[26-Sep-2015 20:14:03 Europe/Helsinki] PHP Notice:  Undefined variable: id in /var/www/app2/module/Application/src/Application/Model/Pages.php on line 38
[26-Sep-2015 20:15:25 Europe/Helsinki] PHP Notice:  Undefined variable: id in /var/www/app2/module/Application/src/Application/Model/Pages.php on line 38
[26-Sep-2015 20:17:17 Europe/Helsinki] PHP Notice:  Undefined index: id in /var/www/app2/module/Application/src/Application/Model/Pages.php on line 38
[26-Sep-2015 20:18:19 Europe/Helsinki] PHP Parse error:  syntax error, unexpected '{' in /var/www/app2/module/Application/src/Application/Model/Pages.php on line 38
[28-Sep-2015 13:16:57 Europe/Helsinki] PHP Notice:  Undefined variable: id in /var/www/app2/module/Application/src/Application/Model/Pages.php on line 52
[28-Sep-2015 13:26:12 Europe/Helsinki] PHP Notice:  Undefined variable: id in /var/www/app2/module/Application/src/Application/Model/Pages.php on line 52
[28-Sep-2015 13:54:45 Europe/Helsinki] PHP Notice:  Undefined index: solutions in /var/www/app2/module/Application/src/Application/Controller/AjaxController.php on line 45
[28-Sep-2015 13:54:45 Europe/Helsinki] PHP Notice:  Undefined index: company in /var/www/app2/module/Application/src/Application/Controller/AjaxController.php on line 57
[28-Sep-2015 13:54:45 Europe/Helsinki] PHP Notice:  Undefined index: msg_text in /var/www/app2/module/Application/src/Application/Controller/AjaxController.php on line 60
[28-Sep-2015 15:37:58 Europe/Helsinki] PHP Notice:  Undefined variable: pages in /var/www/app2/module/Admin/src/Admin/Controller/AjaxController.php on line 68
[28-Sep-2015 16:08:26 Europe/Helsinki] PHP Notice:  Undefined index: company in /var/www/app2/module/Application/src/Application/Controller/AjaxController.php on line 57
[28-Sep-2015 17:33:42 Europe/Helsinki] PHP Notice:  Undefined variable: messagesTable in /var/www/app2/module/Application/src/Application/View/Helper/System.php on line 19
[28-Sep-2015 17:33:42 Europe/Helsinki] PHP Fatal error:  Call to a member function getSystem() on a non-object in /var/www/app2/module/Application/src/Application/View/Helper/System.php on line 19
[28-Sep-2015 17:34:09 Europe/Helsinki] PHP Notice:  Undefined variable: messagesTable in /var/www/app2/module/Application/src/Application/View/Helper/System.php on line 19
[28-Sep-2015 17:34:09 Europe/Helsinki] PHP Fatal error:  Call to a member function getSystem() on a non-object in /var/www/app2/module/Application/src/Application/View/Helper/System.php on line 19
[28-Sep-2015 17:36:35 Europe/Helsinki] PHP Notice:  Undefined variable: messagesTable in /var/www/app2/module/Application/src/Application/View/Helper/System.php on line 19
[28-Sep-2015 17:36:35 Europe/Helsinki] PHP Fatal error:  Call to a member function getSystem() on a non-object in /var/www/app2/module/Application/src/Application/View/Helper/System.php on line 19
[28-Sep-2015 17:37:33 Europe/Helsinki] PHP Notice:  Undefined variable: messagesTable in /var/www/app2/module/Application/src/Application/View/Helper/System.php on line 19
[28-Sep-2015 17:37:33 Europe/Helsinki] PHP Fatal error:  Call to a member function getSystem() on a non-object in /var/www/app2/module/Application/src/Application/View/Helper/System.php on line 19
[28-Sep-2015 17:39:36 Europe/Helsinki] PHP Notice:  Undefined variable: messagesTable in /var/www/app2/module/Application/src/Application/View/Helper/System.php on line 19
[28-Sep-2015 17:39:36 Europe/Helsinki] PHP Fatal error:  Call to a member function getSystem() on a non-object in /var/www/app2/module/Application/src/Application/View/Helper/System.php on line 19
[28-Sep-2015 17:39:41 Europe/Helsinki] PHP Notice:  Undefined variable: messagesTable in /var/www/app2/module/Application/src/Application/View/Helper/System.php on line 19
[28-Sep-2015 17:39:41 Europe/Helsinki] PHP Fatal error:  Call to a member function getSystem() on a non-object in /var/www/app2/module/Application/src/Application/View/Helper/System.php on line 19
[28-Sep-2015 17:43:03 Europe/Helsinki] PHP Notice:  Undefined variable: messagesTable in /var/www/app2/module/Application/src/Application/View/Helper/System.php on line 19
[28-Sep-2015 17:43:03 Europe/Helsinki] PHP Fatal error:  Call to a member function getSystem() on a non-object in /var/www/app2/module/Application/src/Application/View/Helper/System.php on line 19
[28-Sep-2015 17:49:38 Europe/Helsinki] PHP Notice:  Undefined variable: messagesTable in /var/www/app2/module/Application/src/Application/View/Helper/System.php on line 19
[28-Sep-2015 17:49:38 Europe/Helsinki] PHP Fatal error:  Call to a member function getSystem() on a non-object in /var/www/app2/module/Application/src/Application/View/Helper/System.php on line 19
[28-Sep-2015 17:49:52 Europe/Helsinki] PHP Notice:  Undefined variable: messagesTable in /var/www/app2/module/Application/src/Application/View/Helper/System.php on line 19
[28-Sep-2015 17:49:52 Europe/Helsinki] PHP Fatal error:  Call to a member function getSystem() on a non-object in /var/www/app2/module/Application/src/Application/View/Helper/System.php on line 19
[28-Sep-2015 17:50:50 Europe/Helsinki] PHP Notice:  Undefined variable: messagesTable in /var/www/app2/module/Application/src/Application/View/Helper/System.php on line 19
[28-Sep-2015 17:50:50 Europe/Helsinki] PHP Fatal error:  Call to a member function getSystem() on a non-object in /var/www/app2/module/Application/src/Application/View/Helper/System.php on line 19
[28-Sep-2015 17:55:03 Europe/Helsinki] PHP Notice:  Undefined variable: messagesTable in /var/www/app2/module/Application/src/Application/View/Helper/System.php on line 19
[28-Sep-2015 17:55:03 Europe/Helsinki] PHP Fatal error:  Call to a member function getSystem() on a non-object in /var/www/app2/module/Application/src/Application/View/Helper/System.php on line 19
[28-Sep-2015 17:57:48 Europe/Helsinki] PHP Notice:  Undefined variable: messagesTable in /var/www/app2/module/Application/src/Application/View/Helper/System.php on line 19
[28-Sep-2015 17:57:48 Europe/Helsinki] PHP Fatal error:  Call to a member function getSystem() on a non-object in /var/www/app2/module/Application/src/Application/View/Helper/System.php on line 19
[28-Sep-2015 18:01:03 Europe/Helsinki] PHP Notice:  Undefined variable: messagesTable in /var/www/app2/module/Application/src/Application/View/Helper/System.php on line 19
[28-Sep-2015 18:01:03 Europe/Helsinki] PHP Fatal error:  Call to a member function getSystem() on a non-object in /var/www/app2/module/Application/src/Application/View/Helper/System.php on line 19
[28-Sep-2015 18:12:13 Europe/Helsinki] PHP Notice:  Undefined variable: tableName in /var/www/app2/module/Application/src/Application/Model/Messages.php on line 30
[28-Sep-2015 18:14:36 Europe/Helsinki] PHP Notice:  Undefined variable: tableName in /var/www/app2/module/Application/src/Application/Model/Messages.php on line 30
[28-Sep-2015 22:38:15 Europe/Helsinki] PHP Fatal error:  Uncaught exception 'Twig_Error_Syntax' with message 'The function "count" does not exist in "layout/admin" at line 60' in /var/www/app2/vendor/twig/twig/lib/Twig/ExpressionParser.php:572
Stack trace:
#0 /var/www/app2/vendor/twig/twig/lib/Twig/ExpressionParser.php(351): Twig_ExpressionParser->getFunctionNodeClass('count', 60)
#1 /var/www/app2/vendor/twig/twig/lib/Twig/ExpressionParser.php(144): Twig_ExpressionParser->getFunctionNode('count', 60)
#2 /var/www/app2/vendor/twig/twig/lib/Twig/ExpressionParser.php(84): Twig_ExpressionParser->parsePrimaryExpression()
#3 /var/www/app2/vendor/twig/twig/lib/Twig/ExpressionParser.php(41): Twig_ExpressionParser->getPrimary()
#4 /var/www/app2/vendor/twig/twig/lib/Twig/Parser.php(141): Twig_ExpressionParser->parseExpression()
#5 /var/www/app2/vendor/twig/twig/lib/Twig/Parser.php(95): Twig_Parser->subparse(NULL, false)
#6 /var/www/app2/vendor/twig/twig/lib/Twig/Environment.php(544): Twig_Parser->parse(Object(Twig_TokenStream))
#7 /var/www/app2/vendor/twig/twig/lib/Twig/Envir in /var/www/app2/vendor/twig/twig/lib/Twig/ExpressionParser.php on line 572
[28-Sep-2015 22:45:14 Europe/Helsinki] PHP Parse error:  syntax error, unexpected ',' in /var/www/app2/module/Application/src/Application/View/Helper/Messages.php on line 14
[28-Sep-2015 22:47:27 Europe/Helsinki] PHP Fatal error:  Uncaught exception 'Zend\Db\TableGateway\Exception\InvalidArgumentException' with message 'Invalid method (getUnreadMessages) called, caught by Zend\Db\TableGateway\AbstractTableGateway::__call()' in /var/www/app2/vendor/zendframework/zend-db/src/TableGateway/AbstractTableGateway.php:499
Stack trace:
#0 /var/www/app2/module/Application/src/Application/View/Helper/Messages.php(25): Zend\Db\TableGateway\AbstractTableGateway->__call('getUnreadMessag...', Array)
#1 /var/www/app2/module/Application/src/Application/View/Helper/Messages.php(25): Application\Model\Messages->getUnreadMessages()
#2 /var/www/app2/module/Application/config/module.config.php(204): Application\View\Helper\Messages->getUnreadMessages(Object(Application\Model\Messages))
#3 [internal function]: Application\Module->{closure}(Object(Zend\View\HelperPluginManager), 'unreadmsgs', 'Unreadmsgs')
#4 /var/www/app2/vendor/zendframework/zend-servicemanager/src/ServiceManager.php(939): call_user_func(Object(Closure), Object(Zend\View\HelperPluginManager in /var/www/app2/vendor/twig/twig/lib/Twig/Template.php on line 348
[28-Sep-2015 22:51:48 Europe/Helsinki] PHP Notice:  Array to string conversion in /var/www/app2/vendor/twig/twig/lib/Twig/Environment.php(332) : eval()'d code on line 90
[28-Sep-2015 22:52:28 Europe/Helsinki] PHP Notice:  Array to string conversion in /var/www/app2/vendor/twig/twig/lib/Twig/Environment.php(332) : eval()'d code on line 90
[28-Sep-2015 22:52:51 Europe/Helsinki] PHP Notice:  Array to string conversion in /var/www/app2/vendor/twig/twig/lib/Twig/Environment.php(332) : eval()'d code on line 90
[28-Sep-2015 22:53:37 Europe/Helsinki] PHP Notice:  Undefined index: c in /var/www/app2/module/Application/src/Application/Model/Messages.php on line 46
[28-Sep-2015 22:54:20 Europe/Helsinki] PHP Notice:  Array to string conversion in /var/www/app2/vendor/twig/twig/lib/Twig/Environment.php(332) : eval()'d code on line 90
[28-Sep-2015 22:58:40 Europe/Helsinki] PHP Notice:  Undefined index: c in /var/www/app2/module/Application/src/Application/Model/Messages.php on line 47
[28-Sep-2015 23:00:06 Europe/Helsinki] PHP Notice:  Undefined index: c in /var/www/app2/module/Application/src/Application/Model/Messages.php on line 47
[28-Sep-2015 23:01:06 Europe/Helsinki] PHP Notice:  Undefined index: c in /var/www/app2/module/Application/src/Application/Model/Messages.php on line 47
[28-Sep-2015 23:02:19 Europe/Helsinki] PHP Notice:  Undefined index: c in /var/www/app2/module/Application/src/Application/Model/Messages.php on line 47
[28-Sep-2015 23:02:58 Europe/Helsinki] PHP Notice:  Undefined index: c in /var/www/app2/module/Application/src/Application/Model/Messages.php on line 47
[28-Sep-2015 23:05:45 Europe/Helsinki] PHP Parse error:  syntax error, unexpected ',' in /var/www/app2/module/Application/src/Application/View/Helper/Messages.php on line 15
[28-Sep-2015 23:08:54 Europe/Helsinki] PHP Notice:  Undefined index: c in /var/www/app2/module/Application/src/Application/Model/Messages.php on line 47
[28-Sep-2015 23:11:13 Europe/Helsinki] PHP Notice:  Undefined index: c in /var/www/app2/module/Application/src/Application/Model/Messages.php on line 47
[28-Sep-2015 23:12:31 Europe/Helsinki] PHP Notice:  Undefined index: c in /var/www/app2/module/Application/src/Application/Model/Messages.php on line 47
[28-Sep-2015 23:13:33 Europe/Helsinki] PHP Notice:  Array to string conversion in /var/www/app2/vendor/twig/twig/lib/Twig/Environment.php(332) : eval()'d code on line 90
[29-Sep-2015 10:14:31 Europe/Helsinki] PHP Notice:  Undefined index: company in /var/www/app2/module/Application/src/Application/Controller/AjaxController.php on line 57
[29-Sep-2015 10:27:37 Europe/Helsinki] PHP Notice:  Undefined index: company in /var/www/app2/module/Application/src/Application/Controller/AjaxController.php on line 57
[29-Sep-2015 14:17:01 Europe/Helsinki] PHP Fatal error:  Uncaught exception 'Twig_Error_Syntax' with message 'Unexpected token "operator" of value ">" in "layout/layout" at line 112' in /var/www/app2/vendor/twig/twig/lib/Twig/ExpressionParser.php:190
Stack trace:
#0 /var/www/app2/vendor/twig/twig/lib/Twig/ExpressionParser.php(84): Twig_ExpressionParser->parsePrimaryExpression()
#1 /var/www/app2/vendor/twig/twig/lib/Twig/ExpressionParser.php(41): Twig_ExpressionParser->getPrimary()
#2 /var/www/app2/vendor/twig/twig/lib/Twig/ExpressionParser.php(50): Twig_ExpressionParser->parseExpression(31)
#3 /var/www/app2/vendor/twig/twig/lib/Twig/Parser.php(141): Twig_ExpressionParser->parseExpression()
#4 /var/www/app2/vendor/twig/twig/lib/Twig/Parser.php(95): Twig_Parser->subparse(NULL, false)
#5 /var/www/app2/vendor/twig/twig/lib/Twig/Environment.php(544): Twig_Parser->parse(Object(Twig_TokenStream))
#6 /var/www/app2/vendor/twig/twig/lib/Twig/Environment.php(596): Twig_Environment->parse(Object(Twig_TokenStream))
#7 /var/www/app2/vendor/twig/twig/lib/Twig/Environment.php(332) in /var/www/app2/vendor/twig/twig/lib/Twig/ExpressionParser.php on line 190
[29-Sep-2015 14:21:02 Europe/Helsinki] PHP Notice:  Array to string conversion in /var/www/app2/vendor/twig/twig/lib/Twig/Environment.php(332) : eval()'d code on line 208
[29-Sep-2015 14:21:02 Europe/Helsinki] PHP Notice:  Array to string conversion in /var/www/app2/vendor/twig/twig/lib/Twig/Environment.php(332) : eval()'d code on line 213
[29-Sep-2015 14:21:15 Europe/Helsinki] PHP Notice:  Array to string conversion in /var/www/app2/vendor/twig/twig/lib/Twig/Environment.php(332) : eval()'d code on line 208
[29-Sep-2015 14:21:15 Europe/Helsinki] PHP Notice:  Array to string conversion in /var/www/app2/vendor/twig/twig/lib/Twig/Environment.php(332) : eval()'d code on line 213
[29-Sep-2015 14:21:15 Europe/Helsinki] PHP Notice:  Array to string conversion in /var/www/app2/vendor/twig/twig/lib/Twig/Environment.php(332) : eval()'d code on line 208
[29-Sep-2015 14:21:15 Europe/Helsinki] PHP Notice:  Array to string conversion in /var/www/app2/vendor/twig/twig/lib/Twig/Environment.php(332) : eval()'d code on line 213
[29-Sep-2015 14:28:09 Europe/Helsinki] PHP Notice:  Array to string conversion in /var/www/app2/vendor/twig/twig/lib/Twig/Environment.php(332) : eval()'d code on line 209
[29-Sep-2015 14:28:09 Europe/Helsinki] PHP Notice:  Array to string conversion in /var/www/app2/vendor/twig/twig/lib/Twig/Environment.php(332) : eval()'d code on line 214
[29-Sep-2015 14:28:24 Europe/Helsinki] PHP Notice:  Array to string conversion in /var/www/app2/vendor/twig/twig/lib/Twig/Environment.php(332) : eval()'d code on line 209
[29-Sep-2015 14:28:24 Europe/Helsinki] PHP Notice:  Array to string conversion in /var/www/app2/vendor/twig/twig/lib/Twig/Environment.php(332) : eval()'d code on line 214
[29-Sep-2015 14:28:24 Europe/Helsinki] PHP Notice:  Array to string conversion in /var/www/app2/vendor/twig/twig/lib/Twig/Environment.php(332) : eval()'d code on line 209
[29-Sep-2015 14:28:24 Europe/Helsinki] PHP Notice:  Array to string conversion in /var/www/app2/vendor/twig/twig/lib/Twig/Environment.php(332) : eval()'d code on line 214
[29-Sep-2015 14:28:28 Europe/Helsinki] PHP Notice:  Array to string conversion in /var/www/app2/vendor/twig/twig/lib/Twig/Environment.php(332) : eval()'d code on line 209
[29-Sep-2015 14:28:28 Europe/Helsinki] PHP Notice:  Array to string conversion in /var/www/app2/vendor/twig/twig/lib/Twig/Environment.php(332) : eval()'d code on line 214
[29-Sep-2015 14:28:30 Europe/Helsinki] PHP Notice:  Array to string conversion in /var/www/app2/vendor/twig/twig/lib/Twig/Environment.php(332) : eval()'d code on line 209
[29-Sep-2015 14:28:30 Europe/Helsinki] PHP Notice:  Array to string conversion in /var/www/app2/vendor/twig/twig/lib/Twig/Environment.php(332) : eval()'d code on line 214
[29-Sep-2015 14:28:30 Europe/Helsinki] PHP Notice:  Array to string conversion in /var/www/app2/vendor/twig/twig/lib/Twig/Environment.php(332) : eval()'d code on line 209
[29-Sep-2015 14:28:30 Europe/Helsinki] PHP Notice:  Array to string conversion in /var/www/app2/vendor/twig/twig/lib/Twig/Environment.php(332) : eval()'d code on line 214
[29-Sep-2015 14:28:35 Europe/Helsinki] PHP Notice:  Array to string conversion in /var/www/app2/vendor/twig/twig/lib/Twig/Environment.php(332) : eval()'d code on line 209
[29-Sep-2015 14:28:35 Europe/Helsinki] PHP Notice:  Array to string conversion in /var/www/app2/vendor/twig/twig/lib/Twig/Environment.php(332) : eval()'d code on line 214
[29-Sep-2015 14:28:36 Europe/Helsinki] PHP Notice:  Array to string conversion in /var/www/app2/vendor/twig/twig/lib/Twig/Environment.php(332) : eval()'d code on line 209
[29-Sep-2015 14:28:36 Europe/Helsinki] PHP Notice:  Array to string conversion in /var/www/app2/vendor/twig/twig/lib/Twig/Environment.php(332) : eval()'d code on line 214
[29-Sep-2015 14:28:37 Europe/Helsinki] PHP Notice:  Array to string conversion in /var/www/app2/vendor/twig/twig/lib/Twig/Environment.php(332) : eval()'d code on line 209
[29-Sep-2015 14:28:37 Europe/Helsinki] PHP Notice:  Array to string conversion in /var/www/app2/vendor/twig/twig/lib/Twig/Environment.php(332) : eval()'d code on line 214
[29-Sep-2015 14:29:19 Europe/Helsinki] PHP Warning:  system() expects at least 1 parameter, 0 given in /var/www/app2/module/Admin/src/Admin/Controller/IndexController.php on line 24
[29-Sep-2015 14:29:20 Europe/Helsinki] PHP Notice:  Array to string conversion in /var/www/app2/vendor/twig/twig/lib/Twig/Environment.php(332) : eval()'d code on line 209
[29-Sep-2015 14:29:20 Europe/Helsinki] PHP Notice:  Array to string conversion in /var/www/app2/vendor/twig/twig/lib/Twig/Environment.php(332) : eval()'d code on line 214
[29-Sep-2015 14:29:20 Europe/Helsinki] PHP Notice:  Array to string conversion in /var/www/app2/vendor/twig/twig/lib/Twig/Environment.php(332) : eval()'d code on line 209
[29-Sep-2015 14:29:20 Europe/Helsinki] PHP Notice:  Array to string conversion in /var/www/app2/vendor/twig/twig/lib/Twig/Environment.php(332) : eval()'d code on line 214
[29-Sep-2015 14:29:20 Europe/Helsinki] PHP Notice:  Array to string conversion in /var/www/app2/vendor/twig/twig/lib/Twig/Environment.php(332) : eval()'d code on line 209
[29-Sep-2015 14:29:20 Europe/Helsinki] PHP Notice:  Array to string conversion in /var/www/app2/vendor/twig/twig/lib/Twig/Environment.php(332) : eval()'d code on line 214
[29-Sep-2015 14:31:54 Europe/Helsinki] PHP Fatal error:  Call to undefined function Admin\Controller\MainMenuHelper() in /var/www/app2/module/Admin/src/Admin/Controller/IndexController.php on line 24
[29-Sep-2015 15:36:08 Europe/Helsinki] PHP Fatal error:  Call to undefined method Application\View\Helper\SystemEmail::getSystemEmail() in /var/www/app2/module/Application/config/module.config.php on line 217
[29-Sep-2015 15:37:17 Europe/Helsinki] PHP Fatal error:  Call to undefined method Application\View\Helper\SystemEmail::getSystemEmail() in /var/www/app2/module/Application/config/module.config.php on line 212
[29-Sep-2015 15:38:38 Europe/Helsinki] PHP Fatal error:  Call to undefined method Application\View\Helper\SystemEmail::getSystemEmail() in /var/www/app2/module/Application/config/module.config.php on line 212
[29-Sep-2015 16:09:59 Europe/Helsinki] PHP Parse error:  syntax error, unexpected 'public' (T_PUBLIC), expecting ',' or ';' in /var/www/app2/module/Application/src/Application/View/Helper/SystemEmail.php on line 13
[29-Sep-2015 16:10:45 Europe/Helsinki] PHP Notice:  Undefined offset: 0 in /var/www/app2/module/Application/src/Application/Model/System.php on line 71
[29-Sep-2015 16:10:45 Europe/Helsinki] PHP Warning:  Missing argument 1 for Application\View\Helper\SystemEmail::__invoke(), called in /var/www/app2/vendor/twig/twig/lib/Twig/Environment.php(332) : eval()'d code on line 140 and defined in /var/www/app2/module/Application/src/Application/View/Helper/SystemEmail.php on line 13
[29-Sep-2015 16:10:45 Europe/Helsinki] PHP Notice:  Undefined variable: name in /var/www/app2/module/Application/src/Application/View/Helper/SystemEmail.php on line 16
[29-Sep-2015 16:10:52 Europe/Helsinki] PHP Notice:  Undefined offset: 0 in /var/www/app2/module/Application/src/Application/Model/System.php on line 71
[29-Sep-2015 16:10:52 Europe/Helsinki] PHP Warning:  Missing argument 1 for Application\View\Helper\SystemEmail::__invoke(), called in /var/www/app2/vendor/twig/twig/lib/Twig/Environment.php(332) : eval()'d code on line 140 and defined in /var/www/app2/module/Application/src/Application/View/Helper/SystemEmail.php on line 13
[29-Sep-2015 16:10:52 Europe/Helsinki] PHP Notice:  Undefined variable: name in /var/www/app2/module/Application/src/Application/View/Helper/SystemEmail.php on line 16
[29-Sep-2015 16:10:52 Europe/Helsinki] PHP Notice:  Undefined offset: 0 in /var/www/app2/module/Application/src/Application/Model/System.php on line 71
[29-Sep-2015 16:10:52 Europe/Helsinki] PHP Warning:  Missing argument 1 for Application\View\Helper\SystemEmail::__invoke(), called in /var/www/app2/vendor/twig/twig/lib/Twig/Environment.php(332) : eval()'d code on line 140 and defined in /var/www/app2/module/Application/src/Application/View/Helper/SystemEmail.php on line 13
[29-Sep-2015 16:10:52 Europe/Helsinki] PHP Notice:  Undefined variable: name in /var/www/app2/module/Application/src/Application/View/Helper/SystemEmail.php on line 16
[29-Sep-2015 16:12:19 Europe/Helsinki] PHP Notice:  Undefined offset: 0 in /var/www/app2/module/Application/src/Application/Model/System.php on line 71
[29-Sep-2015 16:12:27 Europe/Helsinki] PHP Notice:  Undefined offset: 0 in /var/www/app2/module/Application/src/Application/Model/System.php on line 71
[29-Sep-2015 16:12:27 Europe/Helsinki] PHP Notice:  Undefined offset: 0 in /var/www/app2/module/Application/src/Application/Model/System.php on line 71
[29-Sep-2015 16:14:30 Europe/Helsinki] PHP Notice:  Undefined offset: 0 in /var/www/app2/module/Application/src/Application/Model/System.php on line 71
[29-Sep-2015 16:14:38 Europe/Helsinki] PHP Notice:  Undefined offset: 0 in /var/www/app2/module/Application/src/Application/Model/System.php on line 71
[29-Sep-2015 16:14:38 Europe/Helsinki] PHP Notice:  Undefined offset: 0 in /var/www/app2/module/Application/src/Application/Model/System.php on line 71
[29-Sep-2015 16:18:03 Europe/Helsinki] PHP Notice:  Undefined offset: 0 in /var/www/app2/module/Application/src/Application/Model/System.php on line 71
[29-Sep-2015 16:18:11 Europe/Helsinki] PHP Notice:  Undefined offset: 0 in /var/www/app2/module/Application/src/Application/Model/System.php on line 71
[29-Sep-2015 16:18:11 Europe/Helsinki] PHP Notice:  Undefined offset: 0 in /var/www/app2/module/Application/src/Application/Model/System.php on line 71
[29-Sep-2015 16:19:50 Europe/Helsinki] PHP Notice:  Undefined offset: 0 in /var/www/app2/module/Application/src/Application/Model/System.php on line 71
[29-Sep-2015 16:19:58 Europe/Helsinki] PHP Notice:  Undefined offset: 0 in /var/www/app2/module/Application/src/Application/Model/System.php on line 71
[29-Sep-2015 16:19:58 Europe/Helsinki] PHP Notice:  Undefined offset: 0 in /var/www/app2/module/Application/src/Application/Model/System.php on line 71
[29-Sep-2015 16:30:39 Europe/Helsinki] PHP Fatal error:  Call to undefined method Application\View\Helper\SystemEmail::getServiceLocator() in /var/www/app2/module/Application/src/Application/View/Helper/SystemEmail.php on line 17
[29-Sep-2015 16:32:24 Europe/Helsinki] PHP Notice:  Undefined offset: 0 in /var/www/app2/module/Application/src/Application/Model/System.php on line 71
[29-Sep-2015 16:32:32 Europe/Helsinki] PHP Notice:  Undefined offset: 0 in /var/www/app2/module/Application/src/Application/Model/System.php on line 71
[29-Sep-2015 16:32:32 Europe/Helsinki] PHP Notice:  Undefined offset: 0 in /var/www/app2/module/Application/src/Application/Model/System.php on line 71
[29-Sep-2015 16:33:07 Europe/Helsinki] PHP Warning:  Missing argument 1 for Application\Model\System::getSystemEmail(), called in /var/www/app2/module/Application/src/Application/View/Helper/SystemEmail.php on line 19 and defined in /var/www/app2/module/Application/src/Application/Model/System.php on line 62
[29-Sep-2015 16:33:07 Europe/Helsinki] PHP Notice:  Undefined variable: name in /var/www/app2/module/Application/src/Application/Model/System.php on line 64
[29-Sep-2015 16:33:07 Europe/Helsinki] PHP Notice:  Undefined variable: name in /var/www/app2/module/Application/src/Application/Model/System.php on line 65
[29-Sep-2015 16:33:07 Europe/Helsinki] PHP Notice:  Undefined offset: 0 in /var/www/app2/module/Application/src/Application/Model/System.php on line 71
[29-Sep-2015 16:33:16 Europe/Helsinki] PHP Warning:  Missing argument 1 for Application\Model\System::getSystemEmail(), called in /var/www/app2/module/Application/src/Application/View/Helper/SystemEmail.php on line 19 and defined in /var/www/app2/module/Application/src/Application/Model/System.php on line 62
[29-Sep-2015 16:33:16 Europe/Helsinki] PHP Notice:  Undefined variable: name in /var/www/app2/module/Application/src/Application/Model/System.php on line 64
[29-Sep-2015 16:33:16 Europe/Helsinki] PHP Notice:  Undefined variable: name in /var/www/app2/module/Application/src/Application/Model/System.php on line 65
[29-Sep-2015 16:33:16 Europe/Helsinki] PHP Notice:  Undefined offset: 0 in /var/www/app2/module/Application/src/Application/Model/System.php on line 71
[29-Sep-2015 16:33:16 Europe/Helsinki] PHP Warning:  Missing argument 1 for Application\Model\System::getSystemEmail(), called in /var/www/app2/module/Application/src/Application/View/Helper/SystemEmail.php on line 19 and defined in /var/www/app2/module/Application/src/Application/Model/System.php on line 62
[29-Sep-2015 16:33:16 Europe/Helsinki] PHP Notice:  Undefined variable: name in /var/www/app2/module/Application/src/Application/Model/System.php on line 64
[29-Sep-2015 16:33:16 Europe/Helsinki] PHP Notice:  Undefined variable: name in /var/www/app2/module/Application/src/Application/Model/System.php on line 65
[29-Sep-2015 16:33:16 Europe/Helsinki] PHP Notice:  Undefined offset: 0 in /var/www/app2/module/Application/src/Application/Model/System.php on line 71
[29-Sep-2015 18:01:18 Europe/Helsinki] PHP Notice:  Undefined index: company in /var/www/app2/module/Application/src/Application/Controller/AjaxController.php on line 57
[29-Sep-2015 18:12:26 Europe/Helsinki] PHP Parse error:  syntax error, unexpected '=>' (T_DOUBLE_ARROW), expecting ')' in /var/www/app2/module/Application/src/Application/Controller/IndexController.php on line 60
